{"uuid":"6722086d-810a-4afe-8bab-db90777970cf","historyId":"a19145fed5964f0fa558ab134951df6","testCaseId":"d40fa43eb0e2154299f54a973c7a895b","fullName":"src/test/resources/uitesting/amazon.feature:18","labels":[{"name":"tag","value":"AddToWishList"},{"name":"host","value":"EPINHYDW0BB7"},{"name":"thread","value":"12048@EPINHYDW0BB7.main(1)"},{"name":"feature","value":"Purchase an item on Amazon"},{"name":"story","value":"Add an item to the cart"},{"name":"suite","value":"Purchase an item on Amazon"},{"name":"testClass","value":"Add an item to the cart"},{"name":"framework","value":"cucumber4jvm"},{"name":"language","value":"java"},{"name":"gherkin_uri","value":"file:///C:/Users/sruthi_s/IdeaProjects/TESTFRAMEWORK/src/test/resources/uitesting/amazon.feature"},{"name":"package","value":"src.test.resources.uitesting.amazon_feature.Purchase an item on Amazon"}],"links":[],"name":"Add an item to the cart","status":"broken","statusDetails":{"known":false,"muted":false,"flaky":false,"message":"Expected condition failed: waiting for visibility of element located by By.xpath: //p[@class='a-spacing-none a-size-small _apple-brand-showcase_showcase_hidden-overflow__1m64t' and span[@class='qa-item-title' and text()='MacBook Pro (14-inch)']] (tried for 40 second(s) with 500 milliseconds interval)\nBuild info: version: '4.24.0', revision: '748ffc9bc3'\nSystem info: os.name: 'Windows 11', os.arch: 'amd64', os.version: '10.0', java.version: '21.0.3'\nDriver info: org.openqa.selenium.chrome.ChromeDriver\nCapabilities {acceptInsecureCerts: false, browserName: chrome, browserVersion: 130.0.6723.70, chrome: {chromedriverVersion: 130.0.6723.69 (3ec172b971b9..., userDataDir: C:\\Users\\sruthi_s\\AppData\\L...}, fedcm:accounts: true, goog:chromeOptions: {debuggerAddress: localhost:55188}, networkConnectionEnabled: false, pageLoadStrategy: normal, platformName: windows, proxy: Proxy(), se:cdp: ws://localhost:55188/devtoo..., se:cdpVersion: 130.0.6723.70, setWindowRect: true, strictFileInteractability: false, timeouts: {implicit: 0, pageLoad: 300000, script: 30000}, unhandledPromptBehavior: dismiss and notify, webauthn:extension:credBlob: true, webauthn:extension:largeBlob: true, webauthn:extension:minPinLength: true, webauthn:extension:prf: true, webauthn:virtualAuthenticators: true}\nSession ID: 4fad9c3badf2366d7d11117cc0d0ed4a","trace":"org.openqa.selenium.TimeoutException: Expected condition failed: waiting for visibility of element located by By.xpath: //p[@class='a-spacing-none a-size-small _apple-brand-showcase_showcase_hidden-overflow__1m64t' and span[@class='qa-item-title' and text()='MacBook Pro (14-inch)']] (tried for 40 second(s) with 500 milliseconds interval)\nBuild info: version: '4.24.0', revision: '748ffc9bc3'\nSystem info: os.name: 'Windows 11', os.arch: 'amd64', os.version: '10.0', java.version: '21.0.3'\nDriver info: org.openqa.selenium.chrome.ChromeDriver\nCapabilities {acceptInsecureCerts: false, browserName: chrome, browserVersion: 130.0.6723.70, chrome: {chromedriverVersion: 130.0.6723.69 (3ec172b971b9..., userDataDir: C:\\Users\\sruthi_s\\AppData\\L...}, fedcm:accounts: true, goog:chromeOptions: {debuggerAddress: localhost:55188}, networkConnectionEnabled: false, pageLoadStrategy: normal, platformName: windows, proxy: Proxy(), se:cdp: ws://localhost:55188/devtoo..., se:cdpVersion: 130.0.6723.70, setWindowRect: true, strictFileInteractability: false, timeouts: {implicit: 0, pageLoad: 300000, script: 30000}, unhandledPromptBehavior: dismiss and notify, webauthn:extension:credBlob: true, webauthn:extension:largeBlob: true, webauthn:extension:minPinLength: true, webauthn:extension:prf: true, webauthn:virtualAuthenticators: true}\nSession ID: 4fad9c3badf2366d7d11117cc0d0ed4a\r\n\tat org.openqa.selenium.support.ui.WebDriverWait.timeoutException(WebDriverWait.java:84)\r\n\tat org.openqa.selenium.support.ui.FluentWait.until(FluentWait.java:228)\r\n\tat pages.SearchResultsPage.selectLaptop(SearchResultsPage.java:31)\r\n\tat stepdefinitions.AmazonSteps.iSelectTheFirstItemInTheSearchResults(AmazonSteps.java:49)\r\n\tat ✽.I select the first item in the search results(file:///C:/Users/sruthi_s/IdeaProjects/TESTFRAMEWORK/src/test/resources/uitesting/amazon.feature:7)\r\n"},"stage":"finished","steps":[{"name":"Given I am on the Amazon homepage","status":"passed","statusDetails":{"known":false,"muted":false,"flaky":false},"stage":"finished","steps":[],"attachments":[],"parameters":[],"start":1730019674131,"stop":1730019677517},{"name":"When I search for \"apple laptop\"","status":"passed","statusDetails":{"known":false,"muted":false,"flaky":false},"stage":"finished","steps":[],"attachments":[],"parameters":[],"start":1730019677520,"stop":1730019678735},{"name":"And I select the first item in the search results","status":"broken","statusDetails":{"known":false,"muted":false,"flaky":false,"message":"Expected condition failed: waiting for visibility of element located by By.xpath: //p[@class='a-spacing-none a-size-small _apple-brand-showcase_showcase_hidden-overflow__1m64t' and span[@class='qa-item-title' and text()='MacBook Pro (14-inch)']] (tried for 40 second(s) with 500 milliseconds interval)\nBuild info: version: '4.24.0', revision: '748ffc9bc3'\nSystem info: os.name: 'Windows 11', os.arch: 'amd64', os.version: '10.0', java.version: '21.0.3'\nDriver info: org.openqa.selenium.chrome.ChromeDriver\nCapabilities {acceptInsecureCerts: false, browserName: chrome, browserVersion: 130.0.6723.70, chrome: {chromedriverVersion: 130.0.6723.69 (3ec172b971b9..., userDataDir: C:\\Users\\sruthi_s\\AppData\\L...}, fedcm:accounts: true, goog:chromeOptions: {debuggerAddress: localhost:55188}, networkConnectionEnabled: false, pageLoadStrategy: normal, platformName: windows, proxy: Proxy(), se:cdp: ws://localhost:55188/devtoo..., se:cdpVersion: 130.0.6723.70, setWindowRect: true, strictFileInteractability: false, timeouts: {implicit: 0, pageLoad: 300000, script: 30000}, unhandledPromptBehavior: dismiss and notify, webauthn:extension:credBlob: true, webauthn:extension:largeBlob: true, webauthn:extension:minPinLength: true, webauthn:extension:prf: true, webauthn:virtualAuthenticators: true}\nSession ID: 4fad9c3badf2366d7d11117cc0d0ed4a","trace":"org.openqa.selenium.TimeoutException: Expected condition failed: waiting for visibility of element located by By.xpath: //p[@class='a-spacing-none a-size-small _apple-brand-showcase_showcase_hidden-overflow__1m64t' and span[@class='qa-item-title' and text()='MacBook Pro (14-inch)']] (tried for 40 second(s) with 500 milliseconds interval)\nBuild info: version: '4.24.0', revision: '748ffc9bc3'\nSystem info: os.name: 'Windows 11', os.arch: 'amd64', os.version: '10.0', java.version: '21.0.3'\nDriver info: org.openqa.selenium.chrome.ChromeDriver\nCapabilities {acceptInsecureCerts: false, browserName: chrome, browserVersion: 130.0.6723.70, chrome: {chromedriverVersion: 130.0.6723.69 (3ec172b971b9..., userDataDir: C:\\Users\\sruthi_s\\AppData\\L...}, fedcm:accounts: true, goog:chromeOptions: {debuggerAddress: localhost:55188}, networkConnectionEnabled: false, pageLoadStrategy: normal, platformName: windows, proxy: Proxy(), se:cdp: ws://localhost:55188/devtoo..., se:cdpVersion: 130.0.6723.70, setWindowRect: true, strictFileInteractability: false, timeouts: {implicit: 0, pageLoad: 300000, script: 30000}, unhandledPromptBehavior: dismiss and notify, webauthn:extension:credBlob: true, webauthn:extension:largeBlob: true, webauthn:extension:minPinLength: true, webauthn:extension:prf: true, webauthn:virtualAuthenticators: true}\nSession ID: 4fad9c3badf2366d7d11117cc0d0ed4a\r\n\tat org.openqa.selenium.support.ui.WebDriverWait.timeoutException(WebDriverWait.java:84)\r\n\tat org.openqa.selenium.support.ui.FluentWait.until(FluentWait.java:228)\r\n\tat pages.SearchResultsPage.selectLaptop(SearchResultsPage.java:31)\r\n\tat stepdefinitions.AmazonSteps.iSelectTheFirstItemInTheSearchResults(AmazonSteps.java:49)\r\n\tat ✽.I select the first item in the search results(file:///C:/Users/sruthi_s/IdeaProjects/TESTFRAMEWORK/src/test/resources/uitesting/amazon.feature:7)\r\n"},"stage":"finished","steps":[],"attachments":[],"parameters":[],"start":1730019678735,"stop":1730019720383},{"name":"And I add the item to the wishlist","status":"skipped","statusDetails":{"known":false,"muted":false,"flaky":false},"stage":"finished","steps":[],"attachments":[],"parameters":[],"start":1730019720384,"stop":1730019720385},{"name":"And I login with valid credentials \"9061532115\"","status":"skipped","statusDetails":{"known":false,"muted":false,"flaky":false},"stage":"finished","steps":[],"attachments":[],"parameters":[],"start":1730019720385,"stop":1730019720385},{"name":"Then Then Click on continue","status":"skipped","statusDetails":{"known":false,"muted":false,"flaky":false},"stage":"finished","steps":[],"attachments":[],"parameters":[],"start":1730019720386,"stop":1730019720386},{"name":"Then I should give the \"Sruthi@123\"","status":"skipped","statusDetails":{"known":false,"muted":false,"flaky":false},"stage":"finished","steps":[],"attachments":[],"parameters":[],"start":1730019720386,"stop":1730019720386},{"name":"And click on Signin button","status":"skipped","statusDetails":{"known":false,"muted":false,"flaky":false},"stage":"finished","steps":[],"attachments":[],"parameters":[],"start":1730019720386,"stop":1730019720386},{"name":"Then again i should click on wishList","status":"skipped","statusDetails":{"known":false,"muted":false,"flaky":false},"stage":"finished","steps":[],"attachments":[],"parameters":[],"start":1730019720386,"stop":1730019720386},{"name":"Then the item should be visible in wishlist and click on viewList","status":"skipped","statusDetails":{"known":false,"muted":false,"flaky":false},"stage":"finished","steps":[],"attachments":[],"parameters":[],"start":1730019720386,"stop":1730019720386}],"attachments":[],"parameters":[{"name":"mobilenumber","value":"9061532115"},{"name":"password","value":"Sruthi@123"}],"start":1730019674130,"stop":1730019720396}